2023-07-09 14:15:52,554 - AutoEditor.Logger.logger - INFO - Accéder à l'index.
2023-07-09 14:16:11,574 - AutoEditor.Logger.logger - INFO - Accéder à l'index.
2023-07-09 14:16:11,574 - AutoEditor.Logger.logger - INFO - Formulaire POST reçu.
2023-07-09 14:16:11,575 - AutoEditor.Logger.logger - INFO - Début du traitement en arrière-plan.
2023-07-09 14:16:11,575 - AutoEditor.Logger.logger - INFO - Début de la génération des Keywords...
2023-07-09 14:16:11,586 - AutoEditor.Logger.logger - INFO - Accéder au processing.
2023-07-09 14:16:11,587 - AutoEditor.Logger.logger - INFO - Le fichier JSON n'existe pas encore, rester sur processing.
2023-07-09 14:16:11,729 - AutoEditor.Logger.logger - INFO - Début de la transcription audio, veuillez patienter...
2023-07-09 14:16:13,634 - AutoEditor.Logger.logger - INFO - Accéder au processing.
2023-07-09 14:16:13,634 - AutoEditor.Logger.logger - INFO - Le fichier JSON n'existe pas encore, rester sur processing.
2023-07-09 14:16:13,650 - AutoEditor.Logger.logger - INFO - Accéder aux keywords.
2023-07-09 14:16:13,650 - AutoEditor.Logger.logger - INFO - Le fichier JSON n'a pas été trouvé, rediriger vers index.
2023-07-09 14:16:13,658 - AutoEditor.Logger.logger - INFO - Accéder à l'index.
2023-07-09 14:17:39,988 - AutoEditor.Logger.logger - INFO - Accéder à l'index.
2023-07-09 14:17:49,048 - AutoEditor.Logger.logger - INFO - Accéder à l'index.
2023-07-09 14:17:49,048 - AutoEditor.Logger.logger - INFO - Formulaire POST reçu.
2023-07-09 14:17:49,050 - AutoEditor.Logger.logger - INFO - Début du traitement en arrière-plan.
2023-07-09 14:17:49,050 - AutoEditor.Logger.logger - INFO - Début de la génération des Keywords...
2023-07-09 14:17:49,061 - AutoEditor.Logger.logger - INFO - Accéder au processing.
2023-07-09 14:17:49,062 - AutoEditor.Logger.logger - INFO - Le fichier JSON n'existe pas encore, rester sur processing.
2023-07-09 14:17:49,211 - AutoEditor.Logger.logger - INFO - Début de la transcription audio, veuillez patienter...
2023-07-09 14:17:51,091 - AutoEditor.Logger.logger - INFO - Accéder au processing.
2023-07-09 14:17:51,092 - AutoEditor.Logger.logger - INFO - Le fichier JSON n'existe pas encore, rester sur processing.
2023-07-09 14:17:53,093 - AutoEditor.Logger.logger - INFO - Accéder au processing.
2023-07-09 14:17:53,093 - AutoEditor.Logger.logger - INFO - Le fichier JSON n'existe pas encore, rester sur processing.
2023-07-09 14:17:55,092 - AutoEditor.Logger.logger - INFO - Accéder au processing.
2023-07-09 14:17:55,092 - AutoEditor.Logger.logger - INFO - Le fichier JSON n'existe pas encore, rester sur processing.
2023-07-09 14:18:02,036 - AutoEditor.Logger.logger - INFO - Accéder au processing.
2023-07-09 14:18:02,036 - AutoEditor.Logger.logger - INFO - Le fichier JSON n'existe pas encore, rester sur processing.
2023-07-09 14:18:10,091 - AutoEditor.Logger.logger - INFO - Accéder au processing.
2023-07-09 14:18:10,092 - AutoEditor.Logger.logger - INFO - Le fichier JSON n'existe pas encore, rester sur processing.
2023-07-09 14:18:12,110 - AutoEditor.Logger.logger - INFO - Accéder au processing.
2023-07-09 14:18:12,111 - AutoEditor.Logger.logger - INFO - Le fichier JSON n'existe pas encore, rester sur processing.
2023-07-09 14:18:14,111 - AutoEditor.Logger.logger - INFO - Accéder au processing.
2023-07-09 14:18:14,111 - AutoEditor.Logger.logger - INFO - Le fichier JSON n'existe pas encore, rester sur processing.
2023-07-09 14:18:16,111 - AutoEditor.Logger.logger - INFO - Accéder au processing.
2023-07-09 14:18:16,111 - AutoEditor.Logger.logger - INFO - Le fichier JSON n'existe pas encore, rester sur processing.
2023-07-09 14:18:18,171 - AutoEditor.Logger.logger - INFO - Accéder au processing.
2023-07-09 14:18:18,171 - AutoEditor.Logger.logger - INFO - Le fichier JSON n'existe pas encore, rester sur processing.
2023-07-09 14:18:23,242 - AutoEditor.Logger.logger - INFO - Accéder au processing.
2023-07-09 14:18:23,242 - AutoEditor.Logger.logger - INFO - Le fichier JSON n'existe pas encore, rester sur processing.
2023-07-09 14:18:31,295 - AutoEditor.Logger.logger - INFO - Accéder au processing.
2023-07-09 14:18:31,296 - AutoEditor.Logger.logger - INFO - Le fichier JSON n'existe pas encore, rester sur processing.
2023-07-09 14:18:35,097 - AutoEditor.Logger.logger - INFO - Accéder au processing.
2023-07-09 14:18:35,097 - AutoEditor.Logger.logger - INFO - Le fichier JSON n'existe pas encore, rester sur processing.
2023-07-09 14:18:38,069 - AutoEditor.Logger.logger - INFO - Transcription audio terminée.
2023-07-09 14:19:03,458 - AutoEditor.Logger.logger - INFO - Accéder au processing.
2023-07-09 14:19:03,459 - AutoEditor.Logger.logger - INFO - Le fichier JSON n'existe pas encore, rester sur processing.
2023-07-09 14:19:13,452 - AutoEditor.Logger.logger - INFO - Accéder au processing.
2023-07-09 14:19:13,452 - AutoEditor.Logger.logger - INFO - Le fichier JSON n'existe pas encore, rester sur processing.
2023-07-09 14:19:42,884 - AutoEditor.Logger.logger - INFO - Génération des Keywords terminée
2023-07-09 14:19:42,890 - AutoEditor.Logger.logger - INFO - Fichier JSON renommé, le traitement est terminé.
2023-07-09 14:19:43,050 - AutoEditor.Logger.logger - INFO - Accéder au processing.
2023-07-09 14:19:43,050 - AutoEditor.Logger.logger - INFO - Le fichier JSON existe, rediriger vers keywords.
2023-07-09 14:19:43,062 - AutoEditor.Logger.logger - INFO - Accéder aux keywords.
2023-07-09 14:25:29,657 - AutoEditor.Logger.logger - INFO - Accéder à l'index.
2023-07-09 14:25:38,020 - AutoEditor.Logger.logger - INFO - Accéder à l'index.
2023-07-09 14:25:38,020 - AutoEditor.Logger.logger - INFO - Formulaire POST reçu.
2023-07-09 14:25:38,021 - AutoEditor.Logger.logger - INFO - Début du traitement en arrière-plan.
2023-07-09 14:25:38,021 - AutoEditor.Logger.logger - INFO - Début de la génération des Keywords...
2023-07-09 14:25:38,034 - AutoEditor.Logger.logger - INFO - Accéder au processing.
2023-07-09 14:25:38,034 - AutoEditor.Logger.logger - INFO - Le fichier JSON n'existe pas encore, rester sur processing.
2023-07-09 14:25:38,173 - AutoEditor.Logger.logger - INFO - Début de la transcription audio, veuillez patienter...
2023-07-09 14:25:40,083 - AutoEditor.Logger.logger - INFO - Accéder au processing.
2023-07-09 14:25:40,083 - AutoEditor.Logger.logger - INFO - Le fichier JSON n'existe pas encore, rester sur processing.
2023-07-09 14:25:42,082 - AutoEditor.Logger.logger - INFO - Accéder au processing.
2023-07-09 14:25:42,082 - AutoEditor.Logger.logger - INFO - Le fichier JSON n'existe pas encore, rester sur processing.
2023-07-09 14:25:44,085 - AutoEditor.Logger.logger - INFO - Accéder au processing.
2023-07-09 14:25:44,085 - AutoEditor.Logger.logger - INFO - Le fichier JSON n'existe pas encore, rester sur processing.
2023-07-09 14:25:48,506 - AutoEditor.Logger.logger - INFO - Accéder au processing.
2023-07-09 14:25:48,506 - AutoEditor.Logger.logger - INFO - Le fichier JSON n'existe pas encore, rester sur processing.
2023-07-09 14:25:59,020 - AutoEditor.Logger.logger - INFO - Accéder au processing.
2023-07-09 14:25:59,020 - AutoEditor.Logger.logger - INFO - Le fichier JSON n'existe pas encore, rester sur processing.
2023-07-09 14:26:02,023 - AutoEditor.Logger.logger - INFO - Accéder au processing.
2023-07-09 14:26:02,023 - AutoEditor.Logger.logger - INFO - Le fichier JSON n'existe pas encore, rester sur processing.
2023-07-09 14:26:10,440 - AutoEditor.Logger.logger - INFO - Accéder au processing.
2023-07-09 14:26:10,440 - AutoEditor.Logger.logger - INFO - Le fichier JSON n'existe pas encore, rester sur processing.
2023-07-09 14:26:13,253 - AutoEditor.Logger.logger - INFO - Accéder au processing.
2023-07-09 14:26:13,253 - AutoEditor.Logger.logger - INFO - Le fichier JSON n'existe pas encore, rester sur processing.
2023-07-09 14:26:15,254 - AutoEditor.Logger.logger - INFO - Accéder au processing.
2023-07-09 14:26:15,254 - AutoEditor.Logger.logger - INFO - Le fichier JSON n'existe pas encore, rester sur processing.
2023-07-09 14:26:17,255 - AutoEditor.Logger.logger - INFO - Accéder au processing.
2023-07-09 14:26:17,256 - AutoEditor.Logger.logger - INFO - Le fichier JSON n'existe pas encore, rester sur processing.
2023-07-09 14:26:19,256 - AutoEditor.Logger.logger - INFO - Accéder au processing.
2023-07-09 14:26:19,256 - AutoEditor.Logger.logger - INFO - Le fichier JSON n'existe pas encore, rester sur processing.
2023-07-09 14:26:21,257 - AutoEditor.Logger.logger - INFO - Accéder au processing.
2023-07-09 14:26:21,257 - AutoEditor.Logger.logger - INFO - Le fichier JSON n'existe pas encore, rester sur processing.
2023-07-09 14:26:23,257 - AutoEditor.Logger.logger - INFO - Accéder au processing.
2023-07-09 14:26:23,258 - AutoEditor.Logger.logger - INFO - Le fichier JSON n'existe pas encore, rester sur processing.
2023-07-09 14:26:25,258 - AutoEditor.Logger.logger - INFO - Accéder au processing.
2023-07-09 14:26:25,258 - AutoEditor.Logger.logger - INFO - Le fichier JSON n'existe pas encore, rester sur processing.
2023-07-09 14:26:26,588 - AutoEditor.Logger.logger - INFO - Transcription audio terminée.
2023-07-09 14:26:27,264 - AutoEditor.Logger.logger - INFO - Accéder au processing.
2023-07-09 14:26:27,264 - AutoEditor.Logger.logger - INFO - Le fichier JSON n'existe pas encore, rester sur processing.
2023-07-09 14:26:29,264 - AutoEditor.Logger.logger - INFO - Accéder au processing.
2023-07-09 14:26:29,264 - AutoEditor.Logger.logger - INFO - Le fichier JSON n'existe pas encore, rester sur processing.
2023-07-09 14:26:31,264 - AutoEditor.Logger.logger - INFO - Accéder au processing.
2023-07-09 14:26:31,264 - AutoEditor.Logger.logger - INFO - Le fichier JSON n'existe pas encore, rester sur processing.
2023-07-09 14:26:33,265 - AutoEditor.Logger.logger - INFO - Accéder au processing.
2023-07-09 14:26:33,265 - AutoEditor.Logger.logger - INFO - Le fichier JSON n'existe pas encore, rester sur processing.
2023-07-09 14:26:35,266 - AutoEditor.Logger.logger - INFO - Accéder au processing.
2023-07-09 14:26:35,266 - AutoEditor.Logger.logger - INFO - Le fichier JSON n'existe pas encore, rester sur processing.
2023-07-09 14:26:37,266 - AutoEditor.Logger.logger - INFO - Accéder au processing.
2023-07-09 14:26:37,266 - AutoEditor.Logger.logger - INFO - Le fichier JSON n'existe pas encore, rester sur processing.
2023-07-09 14:26:39,266 - AutoEditor.Logger.logger - INFO - Accéder au processing.
2023-07-09 14:26:39,267 - AutoEditor.Logger.logger - INFO - Le fichier JSON n'existe pas encore, rester sur processing.
2023-07-09 14:26:41,268 - AutoEditor.Logger.logger - INFO - Accéder au processing.
2023-07-09 14:26:41,268 - AutoEditor.Logger.logger - INFO - Le fichier JSON n'existe pas encore, rester sur processing.
2023-07-09 14:26:43,269 - AutoEditor.Logger.logger - INFO - Accéder au processing.
2023-07-09 14:26:43,269 - AutoEditor.Logger.logger - INFO - Le fichier JSON n'existe pas encore, rester sur processing.
2023-07-09 14:26:45,270 - AutoEditor.Logger.logger - INFO - Accéder au processing.
2023-07-09 14:26:45,270 - AutoEditor.Logger.logger - INFO - Le fichier JSON n'existe pas encore, rester sur processing.
2023-07-09 14:26:47,271 - AutoEditor.Logger.logger - INFO - Accéder au processing.
2023-07-09 14:26:47,271 - AutoEditor.Logger.logger - INFO - Le fichier JSON n'existe pas encore, rester sur processing.
2023-07-09 14:26:49,272 - AutoEditor.Logger.logger - INFO - Accéder au processing.
2023-07-09 14:26:49,273 - AutoEditor.Logger.logger - INFO - Le fichier JSON n'existe pas encore, rester sur processing.
2023-07-09 14:26:51,273 - AutoEditor.Logger.logger - INFO - Accéder au processing.
2023-07-09 14:26:51,273 - AutoEditor.Logger.logger - INFO - Le fichier JSON n'existe pas encore, rester sur processing.
2023-07-09 14:26:54,258 - AutoEditor.Logger.logger - INFO - Accéder au processing.
2023-07-09 14:26:54,258 - AutoEditor.Logger.logger - INFO - Le fichier JSON n'existe pas encore, rester sur processing.
2023-07-09 14:27:07,262 - AutoEditor.Logger.logger - INFO - Accéder au processing.
2023-07-09 14:27:07,262 - AutoEditor.Logger.logger - INFO - Le fichier JSON n'existe pas encore, rester sur processing.
2023-07-09 14:27:10,262 - AutoEditor.Logger.logger - INFO - Accéder au processing.
2023-07-09 14:27:10,262 - AutoEditor.Logger.logger - INFO - Le fichier JSON n'existe pas encore, rester sur processing.
2023-07-09 14:27:13,260 - AutoEditor.Logger.logger - INFO - Accéder au processing.
2023-07-09 14:27:13,261 - AutoEditor.Logger.logger - INFO - Le fichier JSON n'existe pas encore, rester sur processing.
2023-07-09 14:27:16,259 - AutoEditor.Logger.logger - INFO - Accéder au processing.
2023-07-09 14:27:16,259 - AutoEditor.Logger.logger - INFO - Le fichier JSON n'existe pas encore, rester sur processing.
2023-07-09 14:27:19,260 - AutoEditor.Logger.logger - INFO - Accéder au processing.
2023-07-09 14:27:19,260 - AutoEditor.Logger.logger - INFO - Le fichier JSON n'existe pas encore, rester sur processing.
2023-07-09 14:27:26,576 - AutoEditor.Logger.logger - INFO - Accéder au processing.
2023-07-09 14:27:26,577 - AutoEditor.Logger.logger - INFO - Le fichier JSON n'existe pas encore, rester sur processing.
2023-07-09 14:27:28,766 - AutoEditor.Logger.logger - INFO - Génération des Keywords terminée
2023-07-09 14:27:28,771 - AutoEditor.Logger.logger - INFO - Fichier JSON renommé, le traitement est terminé.
2023-07-09 14:27:29,260 - AutoEditor.Logger.logger - INFO - Accéder au processing.
2023-07-09 14:27:29,260 - AutoEditor.Logger.logger - INFO - Le fichier JSON existe, rediriger vers keywords.
2023-07-09 14:27:29,275 - AutoEditor.Logger.logger - INFO - Accéder aux keywords.
2023-07-09 14:30:17,856 - AutoEditor.Logger.logger - INFO - Sauvegarder les keywords.
2023-07-09 14:30:17,857 - AutoEditor.Logger.logger - INFO - Keywords sauvegardés.
2023-07-09 14:36:02,144 - AutoEditor.Logger.logger - INFO - Sauvegarder les keywords.
2023-07-09 14:36:02,148 - AutoEditor.Logger.logger - INFO - Keywords sauvegardés.
2023-07-09 14:36:08,707 - AutoEditor.Logger.logger - INFO - Accéder à l'index.
2023-07-09 14:36:16,315 - AutoEditor.Logger.logger - INFO - Accéder à l'index.
2023-07-09 14:36:16,315 - AutoEditor.Logger.logger - INFO - Formulaire POST reçu.
2023-07-09 14:36:16,316 - AutoEditor.Logger.logger - INFO - Début du traitement en arrière-plan.
2023-07-09 14:36:16,317 - AutoEditor.Logger.logger - INFO - Début de la génération des Keywords...
2023-07-09 14:36:16,327 - AutoEditor.Logger.logger - INFO - Accéder au processing.
2023-07-09 14:36:16,327 - AutoEditor.Logger.logger - INFO - Le fichier JSON existe, rediriger vers keywords.
2023-07-09 14:36:16,471 - AutoEditor.Logger.logger - INFO - Début de la transcription audio, veuillez patienter...
2023-07-09 14:36:26,803 - AutoEditor.Logger.logger - INFO - Accéder à l'index.
2023-07-09 14:36:33,732 - AutoEditor.Logger.logger - INFO - Accéder à l'index.
2023-07-09 14:36:33,732 - AutoEditor.Logger.logger - INFO - Formulaire POST reçu.
2023-07-09 14:36:33,734 - AutoEditor.Logger.logger - INFO - Début du traitement en arrière-plan.
2023-07-09 14:36:33,734 - AutoEditor.Logger.logger - INFO - Début de la génération des Keywords...
2023-07-09 14:36:33,746 - AutoEditor.Logger.logger - INFO - Accéder au processing.
2023-07-09 14:36:33,747 - AutoEditor.Logger.logger - INFO - Le fichier JSON existe, rediriger vers keywords.
2023-07-09 14:36:33,894 - AutoEditor.Logger.logger - INFO - Début de la transcription audio, veuillez patienter...
2023-07-09 14:37:46,546 - AutoEditor.Logger.logger - INFO - Accéder à l'index.
2023-07-09 14:37:53,267 - AutoEditor.Logger.logger - INFO - Accéder à l'index.
2023-07-09 14:37:53,268 - AutoEditor.Logger.logger - INFO - Formulaire POST reçu.
2023-07-09 14:37:53,269 - AutoEditor.Logger.logger - INFO - Début du traitement en arrière-plan.
2023-07-09 14:37:53,269 - AutoEditor.Logger.logger - INFO - Début de la génération des Keywords...
2023-07-09 14:37:53,280 - AutoEditor.Logger.logger - INFO - Accéder au processing.
2023-07-09 14:37:53,280 - AutoEditor.Logger.logger - INFO - Le fichier JSON existe, rediriger vers keywords.
2023-07-09 14:37:53,440 - AutoEditor.Logger.logger - INFO - Début de la transcription audio, veuillez patienter...
2023-07-09 19:35:20,252 - AutoEditor.Logger.logger - INFO - Accéder à l'index.
2023-07-09 19:36:13,126 - AutoEditor.Logger.logger - INFO - Accéder à l'index.
2023-07-09 19:36:13,127 - AutoEditor.Logger.logger - INFO - Formulaire POST reçu.
2023-07-09 19:36:13,128 - AutoEditor.Logger.logger - INFO - Début du traitement en arrière-plan.
2023-07-09 19:36:13,128 - AutoEditor.Logger.logger - INFO - Début de la génération des Keywords...
2023-07-09 19:36:13,144 - AutoEditor.Logger.logger - INFO - Accéder au processing.
2023-07-09 19:36:13,145 - AutoEditor.Logger.logger - INFO - Le fichier JSON existe, rediriger vers keywords.
2023-07-09 19:36:13,333 - AutoEditor.Logger.logger - INFO - Début de la transcription audio, veuillez patienter...
2023-07-09 19:37:05,586 - AutoEditor.Logger.logger - INFO - Transcription audio terminée.
2023-07-09 19:38:08,728 - AutoEditor.Logger.logger - INFO - Génération des Keywords terminée
2023-07-09 19:38:08,737 - AutoEditor.Logger.logger - INFO - Fichier JSON renommé, le traitement est terminé.
2023-07-09 19:56:05,297 - AutoEditor.Logger.logger - INFO - Accéder à l'index.
2023-07-09 19:56:13,954 - AutoEditor.Logger.logger - INFO - Accéder à l'index.
2023-07-09 19:56:13,954 - AutoEditor.Logger.logger - INFO - Formulaire POST reçu.
2023-07-09 19:56:13,957 - AutoEditor.Logger.logger - INFO - Début du traitement en arrière-plan.
2023-07-09 19:56:13,957 - AutoEditor.Logger.logger - INFO - Début de la génération des Keywords...
2023-07-09 19:56:13,976 - AutoEditor.Logger.logger - INFO - Accéder au processing.
2023-07-09 19:56:13,976 - AutoEditor.Logger.logger - INFO - Le fichier JSON existe, rediriger vers keywords.
2023-07-09 19:56:14,175 - AutoEditor.Logger.logger - INFO - Début de la transcription audio, veuillez patienter...
2023-07-09 19:57:43,034 - AutoEditor.Logger.logger - INFO - Accéder à l'index.
2023-07-09 19:58:11,968 - AutoEditor.Logger.logger - INFO - Accéder à l'index.
2023-07-09 19:58:11,969 - AutoEditor.Logger.logger - INFO - Formulaire POST reçu.
2023-07-09 19:58:11,971 - AutoEditor.Logger.logger - INFO - Début du traitement en arrière-plan.
2023-07-09 19:58:11,971 - AutoEditor.Logger.logger - INFO - Début de la génération des Keywords...
2023-07-09 19:58:11,984 - AutoEditor.Logger.logger - INFO - Accéder au processing.
2023-07-09 19:58:11,984 - AutoEditor.Logger.logger - INFO - Le fichier JSON existe, rediriger vers keywords.
2023-07-09 19:58:12,102 - AutoEditor.Logger.logger - INFO - Début de la transcription audio, veuillez patienter...
2023-07-09 19:58:15,104 - AutoEditor.Logger.logger - INFO - Accéder à l'index.
2023-07-09 20:01:26,485 - AutoEditor.Logger.logger - INFO - Accéder à l'index.
2023-07-09 20:01:33,949 - AutoEditor.Logger.logger - INFO - Accéder à l'index.
2023-07-09 20:01:33,949 - AutoEditor.Logger.logger - INFO - Formulaire POST reçu.
2023-07-09 20:01:33,950 - AutoEditor.Logger.logger - INFO - Début du traitement en arrière-plan.
2023-07-09 20:01:33,950 - AutoEditor.Logger.logger - INFO - Début de la génération des Keywords...
2023-07-09 20:01:33,961 - AutoEditor.Logger.logger - INFO - Accéder au processing.
2023-07-09 20:01:33,961 - AutoEditor.Logger.logger - INFO - Le fichier JSON n'existe pas encore, rester sur processing.
2023-07-09 20:01:34,113 - AutoEditor.Logger.logger - INFO - Début de la transcription audio, veuillez patienter...
2023-07-09 20:01:36,035 - AutoEditor.Logger.logger - INFO - Accéder au processing.
2023-07-09 20:01:36,035 - AutoEditor.Logger.logger - INFO - Le fichier JSON n'existe pas encore, rester sur processing.
2023-07-09 20:01:38,034 - AutoEditor.Logger.logger - INFO - Accéder au processing.
2023-07-09 20:01:38,034 - AutoEditor.Logger.logger - INFO - Le fichier JSON n'existe pas encore, rester sur processing.
2023-07-09 20:01:40,036 - AutoEditor.Logger.logger - INFO - Accéder au processing.
2023-07-09 20:01:40,036 - AutoEditor.Logger.logger - INFO - Le fichier JSON n'existe pas encore, rester sur processing.
2023-07-09 20:01:42,038 - AutoEditor.Logger.logger - INFO - Accéder au processing.
2023-07-09 20:01:42,038 - AutoEditor.Logger.logger - INFO - Le fichier JSON n'existe pas encore, rester sur processing.
2023-07-09 20:01:44,035 - AutoEditor.Logger.logger - INFO - Accéder au processing.
2023-07-09 20:01:44,035 - AutoEditor.Logger.logger - INFO - Le fichier JSON n'existe pas encore, rester sur processing.
2023-07-09 20:01:46,036 - AutoEditor.Logger.logger - INFO - Accéder au processing.
2023-07-09 20:01:46,036 - AutoEditor.Logger.logger - INFO - Le fichier JSON n'existe pas encore, rester sur processing.
2023-07-09 20:01:48,038 - AutoEditor.Logger.logger - INFO - Accéder au processing.
2023-07-09 20:01:48,038 - AutoEditor.Logger.logger - INFO - Le fichier JSON n'existe pas encore, rester sur processing.
2023-07-09 20:01:50,038 - AutoEditor.Logger.logger - INFO - Accéder au processing.
2023-07-09 20:01:50,038 - AutoEditor.Logger.logger - INFO - Le fichier JSON n'existe pas encore, rester sur processing.
2023-07-09 20:01:52,038 - AutoEditor.Logger.logger - INFO - Accéder au processing.
2023-07-09 20:01:52,039 - AutoEditor.Logger.logger - INFO - Le fichier JSON n'existe pas encore, rester sur processing.
2023-07-09 20:01:54,040 - AutoEditor.Logger.logger - INFO - Accéder au processing.
2023-07-09 20:01:54,041 - AutoEditor.Logger.logger - INFO - Le fichier JSON n'existe pas encore, rester sur processing.
2023-07-09 20:01:56,746 - AutoEditor.Logger.logger - INFO - Accéder au processing.
2023-07-09 20:01:56,746 - AutoEditor.Logger.logger - INFO - Le fichier JSON n'existe pas encore, rester sur processing.
2023-07-09 20:02:09,639 - AutoEditor.Logger.logger - INFO - Accéder au processing.
2023-07-09 20:02:09,639 - AutoEditor.Logger.logger - INFO - Le fichier JSON n'existe pas encore, rester sur processing.
2023-07-09 20:02:11,746 - AutoEditor.Logger.logger - INFO - Accéder au processing.
2023-07-09 20:02:11,746 - AutoEditor.Logger.logger - INFO - Le fichier JSON n'existe pas encore, rester sur processing.
2023-07-09 20:02:14,745 - AutoEditor.Logger.logger - INFO - Accéder au processing.
2023-07-09 20:02:14,745 - AutoEditor.Logger.logger - INFO - Le fichier JSON n'existe pas encore, rester sur processing.
2023-07-09 20:02:23,844 - AutoEditor.Logger.logger - INFO - Transcription audio terminée.
2023-07-09 20:02:27,753 - AutoEditor.Logger.logger - INFO - Accéder au processing.
2023-07-09 20:02:27,753 - AutoEditor.Logger.logger - INFO - Le fichier JSON n'existe pas encore, rester sur processing.
2023-07-09 20:02:30,751 - AutoEditor.Logger.logger - INFO - Accéder au processing.
2023-07-09 20:02:30,752 - AutoEditor.Logger.logger - INFO - Le fichier JSON n'existe pas encore, rester sur processing.
2023-07-09 20:02:35,954 - AutoEditor.Logger.logger - INFO - Accéder au processing.
2023-07-09 20:02:35,956 - AutoEditor.Logger.logger - INFO - Le fichier JSON n'existe pas encore, rester sur processing.
2023-07-09 20:02:38,752 - AutoEditor.Logger.logger - INFO - Accéder au processing.
2023-07-09 20:02:38,752 - AutoEditor.Logger.logger - INFO - Le fichier JSON n'existe pas encore, rester sur processing.
2023-07-09 20:02:49,166 - AutoEditor.Logger.logger - INFO - Accéder au processing.
2023-07-09 20:02:49,166 - AutoEditor.Logger.logger - INFO - Le fichier JSON n'existe pas encore, rester sur processing.
2023-07-09 20:02:51,755 - AutoEditor.Logger.logger - INFO - Accéder au processing.
2023-07-09 20:02:51,755 - AutoEditor.Logger.logger - INFO - Le fichier JSON n'existe pas encore, rester sur processing.
2023-07-09 20:02:54,753 - AutoEditor.Logger.logger - INFO - Accéder au processing.
2023-07-09 20:02:54,754 - AutoEditor.Logger.logger - INFO - Le fichier JSON n'existe pas encore, rester sur processing.
2023-07-09 20:02:56,752 - AutoEditor.Logger.logger - INFO - Accéder au processing.
2023-07-09 20:02:56,752 - AutoEditor.Logger.logger - INFO - Le fichier JSON n'existe pas encore, rester sur processing.
2023-07-09 20:03:01,759 - AutoEditor.Logger.logger - INFO - Accéder au processing.
2023-07-09 20:03:01,760 - AutoEditor.Logger.logger - INFO - Le fichier JSON n'existe pas encore, rester sur processing.
2023-07-09 20:03:08,398 - AutoEditor.Logger.logger - INFO - Accéder au processing.
2023-07-09 20:03:08,398 - AutoEditor.Logger.logger - INFO - Le fichier JSON n'existe pas encore, rester sur processing.
2023-07-09 20:03:10,398 - AutoEditor.Logger.logger - INFO - Accéder au processing.
2023-07-09 20:03:10,398 - AutoEditor.Logger.logger - INFO - Le fichier JSON n'existe pas encore, rester sur processing.
2023-07-09 20:03:12,753 - AutoEditor.Logger.logger - INFO - Accéder au processing.
2023-07-09 20:03:12,753 - AutoEditor.Logger.logger - INFO - Le fichier JSON n'existe pas encore, rester sur processing.
2023-07-09 20:03:16,329 - AutoEditor.Logger.logger - INFO - Accéder au processing.
2023-07-09 20:03:16,329 - AutoEditor.Logger.logger - INFO - Le fichier JSON n'existe pas encore, rester sur processing.
2023-07-09 20:03:18,330 - AutoEditor.Logger.logger - INFO - Accéder au processing.
2023-07-09 20:03:18,330 - AutoEditor.Logger.logger - INFO - Le fichier JSON n'existe pas encore, rester sur processing.
2023-07-09 20:03:26,443 - AutoEditor.Logger.logger - INFO - Accéder à l'index.
2023-07-09 20:03:49,695 - AutoEditor.Logger.logger - INFO - Accéder à l'index.
2023-07-09 20:03:49,696 - AutoEditor.Logger.logger - INFO - Formulaire POST reçu.
2023-07-09 20:03:49,697 - AutoEditor.Logger.logger - INFO - Début du traitement en arrière-plan.
2023-07-09 20:03:49,697 - AutoEditor.Logger.logger - INFO - Début de la génération des Keywords...
2023-07-09 20:03:49,709 - AutoEditor.Logger.logger - INFO - Accéder au processing.
2023-07-09 20:03:49,709 - AutoEditor.Logger.logger - INFO - Le fichier JSON n'existe pas encore, rester sur processing.
2023-07-09 20:03:49,841 - AutoEditor.Logger.logger - INFO - Début de la transcription audio, veuillez patienter...
2023-07-09 20:03:51,760 - AutoEditor.Logger.logger - INFO - Accéder au processing.
2023-07-09 20:03:51,760 - AutoEditor.Logger.logger - INFO - Le fichier JSON n'existe pas encore, rester sur processing.
2023-07-09 20:03:53,757 - AutoEditor.Logger.logger - INFO - Accéder au processing.
2023-07-09 20:03:53,757 - AutoEditor.Logger.logger - INFO - Le fichier JSON n'existe pas encore, rester sur processing.
2023-07-09 20:03:55,759 - AutoEditor.Logger.logger - INFO - Accéder au processing.
2023-07-09 20:03:55,759 - AutoEditor.Logger.logger - INFO - Le fichier JSON n'existe pas encore, rester sur processing.
2023-07-09 20:04:05,866 - AutoEditor.Logger.logger - INFO - Accéder au processing.
2023-07-09 20:04:05,866 - AutoEditor.Logger.logger - INFO - Le fichier JSON n'existe pas encore, rester sur processing.
2023-07-09 20:04:07,865 - AutoEditor.Logger.logger - INFO - Accéder au processing.
2023-07-09 20:04:07,865 - AutoEditor.Logger.logger - INFO - Le fichier JSON n'existe pas encore, rester sur processing.
2023-07-09 20:04:10,796 - AutoEditor.Logger.logger - INFO - Accéder au processing.
2023-07-09 20:04:10,797 - AutoEditor.Logger.logger - INFO - Le fichier JSON n'existe pas encore, rester sur processing.
2023-07-09 20:04:19,762 - AutoEditor.Logger.logger - INFO - Accéder au processing.
2023-07-09 20:04:19,762 - AutoEditor.Logger.logger - INFO - Le fichier JSON n'existe pas encore, rester sur processing.
2023-07-09 20:04:25,805 - AutoEditor.Logger.logger - INFO - Accéder au processing.
2023-07-09 20:04:25,806 - AutoEditor.Logger.logger - INFO - Le fichier JSON n'existe pas encore, rester sur processing.
2023-07-09 20:04:27,806 - AutoEditor.Logger.logger - INFO - Accéder au processing.
2023-07-09 20:04:27,806 - AutoEditor.Logger.logger - INFO - Le fichier JSON n'existe pas encore, rester sur processing.
2023-07-09 20:04:30,798 - AutoEditor.Logger.logger - INFO - Accéder au processing.
2023-07-09 20:04:30,798 - AutoEditor.Logger.logger - INFO - Le fichier JSON n'existe pas encore, rester sur processing.
2023-07-09 20:04:32,799 - AutoEditor.Logger.logger - INFO - Accéder au processing.
2023-07-09 20:04:32,799 - AutoEditor.Logger.logger - INFO - Le fichier JSON n'existe pas encore, rester sur processing.
2023-07-09 20:04:34,799 - AutoEditor.Logger.logger - INFO - Accéder au processing.
2023-07-09 20:04:34,799 - AutoEditor.Logger.logger - INFO - Le fichier JSON n'existe pas encore, rester sur processing.
2023-07-09 20:04:36,802 - AutoEditor.Logger.logger - INFO - Accéder au processing.
2023-07-09 20:04:36,802 - AutoEditor.Logger.logger - INFO - Le fichier JSON n'existe pas encore, rester sur processing.
2023-07-09 20:04:38,700 - AutoEditor.Logger.logger - INFO - Transcription audio terminée.
2023-07-09 20:04:39,804 - AutoEditor.Logger.logger - INFO - Accéder au processing.
2023-07-09 20:04:39,804 - AutoEditor.Logger.logger - INFO - Le fichier JSON n'existe pas encore, rester sur processing.
2023-07-09 20:04:52,592 - AutoEditor.Logger.logger - INFO - Accéder au processing.
2023-07-09 20:04:52,592 - AutoEditor.Logger.logger - INFO - Le fichier JSON n'existe pas encore, rester sur processing.
2023-07-09 20:04:54,593 - AutoEditor.Logger.logger - INFO - Accéder au processing.
2023-07-09 20:04:54,594 - AutoEditor.Logger.logger - INFO - Le fichier JSON n'existe pas encore, rester sur processing.
2023-07-09 20:04:56,799 - AutoEditor.Logger.logger - INFO - Accéder au processing.
2023-07-09 20:04:56,799 - AutoEditor.Logger.logger - INFO - Le fichier JSON n'existe pas encore, rester sur processing.
2023-07-09 20:05:00,568 - AutoEditor.Logger.logger - INFO - Accéder au processing.
2023-07-09 20:05:00,569 - AutoEditor.Logger.logger - INFO - Le fichier JSON n'existe pas encore, rester sur processing.
2023-07-09 20:05:02,854 - AutoEditor.Logger.logger - INFO - Accéder au processing.
2023-07-09 20:05:02,854 - AutoEditor.Logger.logger - INFO - Le fichier JSON n'existe pas encore, rester sur processing.
2023-07-09 20:05:07,718 - AutoEditor.Logger.logger - INFO - Accéder au processing.
2023-07-09 20:05:07,718 - AutoEditor.Logger.logger - INFO - Le fichier JSON n'existe pas encore, rester sur processing.
2023-07-09 20:05:09,728 - AutoEditor.Logger.logger - INFO - Accéder au processing.
2023-07-09 20:05:09,729 - AutoEditor.Logger.logger - INFO - Le fichier JSON n'existe pas encore, rester sur processing.
2023-07-09 20:05:12,722 - AutoEditor.Logger.logger - INFO - Accéder au processing.
2023-07-09 20:05:12,723 - AutoEditor.Logger.logger - INFO - Le fichier JSON n'existe pas encore, rester sur processing.
2023-07-09 20:05:15,720 - AutoEditor.Logger.logger - INFO - Accéder au processing.
2023-07-09 20:05:15,721 - AutoEditor.Logger.logger - INFO - Le fichier JSON n'existe pas encore, rester sur processing.
2023-07-09 20:05:18,720 - AutoEditor.Logger.logger - INFO - Accéder au processing.
2023-07-09 20:05:18,721 - AutoEditor.Logger.logger - INFO - Le fichier JSON n'existe pas encore, rester sur processing.
2023-07-09 20:05:21,725 - AutoEditor.Logger.logger - INFO - Accéder au processing.
2023-07-09 20:05:21,726 - AutoEditor.Logger.logger - INFO - Le fichier JSON n'existe pas encore, rester sur processing.
2023-07-09 20:05:24,735 - AutoEditor.Logger.logger - INFO - Accéder au processing.
2023-07-09 20:05:24,736 - AutoEditor.Logger.logger - INFO - Le fichier JSON n'existe pas encore, rester sur processing.
2023-07-09 20:05:27,726 - AutoEditor.Logger.logger - INFO - Accéder au processing.
2023-07-09 20:05:27,727 - AutoEditor.Logger.logger - INFO - Le fichier JSON n'existe pas encore, rester sur processing.
2023-07-09 20:05:30,047 - AutoEditor.Logger.logger - INFO - Accéder au processing.
2023-07-09 20:05:30,048 - AutoEditor.Logger.logger - INFO - Le fichier JSON n'existe pas encore, rester sur processing.
2023-07-09 20:05:32,049 - AutoEditor.Logger.logger - INFO - Accéder au processing.
2023-07-09 20:05:32,049 - AutoEditor.Logger.logger - INFO - Le fichier JSON n'existe pas encore, rester sur processing.
2023-07-09 20:05:34,052 - AutoEditor.Logger.logger - INFO - Accéder au processing.
2023-07-09 20:05:34,052 - AutoEditor.Logger.logger - INFO - Le fichier JSON n'existe pas encore, rester sur processing.
2023-07-09 20:05:36,055 - AutoEditor.Logger.logger - INFO - Accéder au processing.
2023-07-09 20:05:36,055 - AutoEditor.Logger.logger - INFO - Le fichier JSON n'existe pas encore, rester sur processing.
2023-07-09 20:05:38,714 - AutoEditor.Logger.logger - INFO - Accéder au processing.
2023-07-09 20:05:38,715 - AutoEditor.Logger.logger - INFO - Le fichier JSON n'existe pas encore, rester sur processing.
2023-07-09 20:05:40,718 - AutoEditor.Logger.logger - INFO - Accéder au processing.
2023-07-09 20:05:40,718 - AutoEditor.Logger.logger - INFO - Le fichier JSON n'existe pas encore, rester sur processing.
2023-07-09 20:05:42,717 - AutoEditor.Logger.logger - INFO - Accéder au processing.
2023-07-09 20:05:42,718 - AutoEditor.Logger.logger - INFO - Le fichier JSON n'existe pas encore, rester sur processing.
2023-07-09 20:05:45,721 - AutoEditor.Logger.logger - INFO - Accéder au processing.
2023-07-09 20:05:45,721 - AutoEditor.Logger.logger - INFO - Le fichier JSON n'existe pas encore, rester sur processing.
2023-07-09 20:05:48,745 - AutoEditor.Logger.logger - INFO - Génération des Keywords terminée
2023-07-09 20:05:48,747 - AutoEditor.Logger.logger - INFO - Fichier JSON renommé, le traitement est terminé.
2023-07-09 20:05:51,972 - AutoEditor.Logger.logger - INFO - Accéder au processing.
2023-07-09 20:05:51,972 - AutoEditor.Logger.logger - INFO - Le fichier JSON existe, rediriger vers keywords.
2023-07-09 20:05:51,979 - AutoEditor.Logger.logger - INFO - Accéder aux keywords.
2023-07-09 20:05:54,775 - AutoEditor.Logger.logger - INFO - Accéder au processing.
2023-07-09 20:05:54,776 - AutoEditor.Logger.logger - INFO - Le fichier JSON existe, rediriger vers keywords.
2023-07-09 20:05:54,782 - AutoEditor.Logger.logger - INFO - Accéder aux keywords.
2023-07-09 20:06:01,022 - AutoEditor.Logger.logger - INFO - Accéder au processing.
2023-07-09 20:06:01,022 - AutoEditor.Logger.logger - INFO - Le fichier JSON existe, rediriger vers keywords.
2023-07-09 20:06:01,031 - AutoEditor.Logger.logger - INFO - Accéder aux keywords.
2023-07-09 20:06:03,362 - AutoEditor.Logger.logger - INFO - Accéder au processing.
2023-07-09 20:06:03,362 - AutoEditor.Logger.logger - INFO - Le fichier JSON existe, rediriger vers keywords.
2023-07-09 20:06:03,368 - AutoEditor.Logger.logger - INFO - Accéder aux keywords.
2023-07-09 20:06:05,367 - AutoEditor.Logger.logger - INFO - Accéder au processing.
2023-07-09 20:06:05,367 - AutoEditor.Logger.logger - INFO - Le fichier JSON existe, rediriger vers keywords.
2023-07-09 20:06:05,375 - AutoEditor.Logger.logger - INFO - Accéder aux keywords.
2023-07-09 20:08:36,374 - AutoEditor.Logger.logger - INFO - Accéder à l'index.
2023-07-09 20:08:43,828 - AutoEditor.Logger.logger - INFO - Accéder à l'index.
2023-07-09 20:08:43,828 - AutoEditor.Logger.logger - INFO - Formulaire POST reçu.
2023-07-09 20:08:43,830 - AutoEditor.Logger.logger - INFO - Début du traitement en arrière-plan.
2023-07-09 20:08:43,831 - AutoEditor.Logger.logger - INFO - Ancien fichier JSON supprimé.
2023-07-09 20:08:43,831 - AutoEditor.Logger.logger - INFO - Début de la génération des Keywords...
2023-07-09 20:08:43,841 - AutoEditor.Logger.logger - INFO - Accéder au processing.
2023-07-09 20:08:43,841 - AutoEditor.Logger.logger - INFO - Le fichier JSON n'existe pas encore, rester sur processing.
2023-07-09 20:08:44,061 - AutoEditor.Logger.logger - INFO - Début de la transcription audio, veuillez patienter...
2023-07-09 20:08:45,890 - AutoEditor.Logger.logger - INFO - Accéder au processing.
2023-07-09 20:08:45,890 - AutoEditor.Logger.logger - INFO - Le fichier JSON n'existe pas encore, rester sur processing.
2023-07-09 20:08:47,896 - AutoEditor.Logger.logger - INFO - Accéder au processing.
2023-07-09 20:08:47,896 - AutoEditor.Logger.logger - INFO - Le fichier JSON n'existe pas encore, rester sur processing.
2023-07-09 20:08:49,890 - AutoEditor.Logger.logger - INFO - Accéder au processing.
2023-07-09 20:08:49,890 - AutoEditor.Logger.logger - INFO - Le fichier JSON n'existe pas encore, rester sur processing.
2023-07-09 20:08:54,232 - AutoEditor.Logger.logger - INFO - Accéder au processing.
2023-07-09 20:08:54,232 - AutoEditor.Logger.logger - INFO - Le fichier JSON n'existe pas encore, rester sur processing.
2023-07-09 20:09:04,338 - AutoEditor.Logger.logger - INFO - Accéder au processing.
2023-07-09 20:09:04,338 - AutoEditor.Logger.logger - INFO - Le fichier JSON n'existe pas encore, rester sur processing.
2023-07-09 20:09:06,388 - AutoEditor.Logger.logger - INFO - Accéder au processing.
2023-07-09 20:09:06,388 - AutoEditor.Logger.logger - INFO - Le fichier JSON n'existe pas encore, rester sur processing.
2023-07-09 20:09:19,388 - AutoEditor.Logger.logger - INFO - Accéder au processing.
2023-07-09 20:09:19,388 - AutoEditor.Logger.logger - INFO - Le fichier JSON n'existe pas encore, rester sur processing.
2023-07-09 20:09:23,555 - AutoEditor.Logger.logger - INFO - Accéder au processing.
2023-07-09 20:09:23,555 - AutoEditor.Logger.logger - INFO - Le fichier JSON n'existe pas encore, rester sur processing.
2023-07-09 20:09:25,556 - AutoEditor.Logger.logger - INFO - Accéder au processing.
2023-07-09 20:09:25,556 - AutoEditor.Logger.logger - INFO - Le fichier JSON n'existe pas encore, rester sur processing.
2023-07-09 20:09:28,388 - AutoEditor.Logger.logger - INFO - Accéder au processing.
2023-07-09 20:09:28,388 - AutoEditor.Logger.logger - INFO - Le fichier JSON n'existe pas encore, rester sur processing.
2023-07-09 20:09:34,155 - AutoEditor.Logger.logger - INFO - Transcription audio terminée.
2023-07-09 20:09:34,240 - AutoEditor.Logger.logger - INFO - Accéder au processing.
2023-07-09 20:09:34,240 - AutoEditor.Logger.logger - INFO - Le fichier JSON n'existe pas encore, rester sur processing.
2023-07-09 20:09:44,870 - AutoEditor.Logger.logger - INFO - Accéder au processing.
2023-07-09 20:09:44,870 - AutoEditor.Logger.logger - INFO - Le fichier JSON n'existe pas encore, rester sur processing.
2023-07-09 20:09:47,387 - AutoEditor.Logger.logger - INFO - Accéder au processing.
2023-07-09 20:09:47,387 - AutoEditor.Logger.logger - INFO - Le fichier JSON n'existe pas encore, rester sur processing.
2023-07-09 20:09:53,391 - AutoEditor.Logger.logger - INFO - Accéder au processing.
2023-07-09 20:09:53,393 - AutoEditor.Logger.logger - INFO - Le fichier JSON n'existe pas encore, rester sur processing.
2023-07-09 20:09:55,416 - AutoEditor.Logger.logger - INFO - Accéder au processing.
2023-07-09 20:09:55,416 - AutoEditor.Logger.logger - INFO - Le fichier JSON n'existe pas encore, rester sur processing.
2023-07-09 20:10:05,837 - AutoEditor.Logger.logger - INFO - Accéder au processing.
2023-07-09 20:10:05,837 - AutoEditor.Logger.logger - INFO - Le fichier JSON n'existe pas encore, rester sur processing.
2023-07-09 20:10:08,416 - AutoEditor.Logger.logger - INFO - Accéder au processing.
2023-07-09 20:10:08,417 - AutoEditor.Logger.logger - INFO - Le fichier JSON n'existe pas encore, rester sur processing.
2023-07-09 20:10:21,414 - AutoEditor.Logger.logger - INFO - Accéder au processing.
2023-07-09 20:10:21,415 - AutoEditor.Logger.logger - INFO - Le fichier JSON n'existe pas encore, rester sur processing.
2023-07-09 20:10:24,877 - AutoEditor.Logger.logger - INFO - Accéder au processing.
2023-07-09 20:10:24,878 - AutoEditor.Logger.logger - INFO - Le fichier JSON n'existe pas encore, rester sur processing.
2023-07-09 20:10:32,084 - AutoEditor.Logger.logger - INFO - Accéder au processing.
2023-07-09 20:10:32,085 - AutoEditor.Logger.logger - INFO - Le fichier JSON n'existe pas encore, rester sur processing.
2023-07-09 20:10:34,411 - AutoEditor.Logger.logger - INFO - Accéder au processing.
2023-07-09 20:10:34,412 - AutoEditor.Logger.logger - INFO - Le fichier JSON n'existe pas encore, rester sur processing.
2023-07-09 20:10:39,041 - AutoEditor.Logger.logger - INFO - Génération des Keywords terminée
2023-07-09 20:10:39,048 - AutoEditor.Logger.logger - INFO - Fichier JSON renommé, le traitement est terminé.
2023-07-09 20:10:47,410 - AutoEditor.Logger.logger - INFO - Accéder au processing.
2023-07-09 20:10:47,411 - AutoEditor.Logger.logger - INFO - Le fichier JSON existe, rediriger vers keywords.
2023-07-09 20:10:47,444 - AutoEditor.Logger.logger - INFO - Accéder aux keywords.
2023-07-09 20:12:59,043 - AutoEditor.Logger.logger - INFO - Sauvegarder les keywords.
2023-07-09 20:12:59,060 - AutoEditor.Logger.logger - INFO - Keywords sauvegardés.
